<?xml version="1.0" encoding="UTF-8"?>
<!-- Generated by org.testng.reporters.JUnitReportReporter -->
<testsuite skipped="0" hostname="WINCTRL-R57RIPN" name="LoginPageTest" tests="1" failures="0" timestamp="16 Sep 2021 17:55:00 GMT" time="36.160" errors="0">
  <testcase name="verifyCRMLogin" time="36.160" classname="LoginPageTest"/>
</testsuite> <!-- LoginPageTest -->
